  Box.cpp
d:\cgeihc-proyectofinal\source\practica11\21-playanimationthelast\src\headers\abstractmodel.h(14): fatal error C1083: No se puede abrir el archivo incluir: 'GL/glew.h': No such file or directory
  Cylinder.cpp
d:\cgeihc-proyectofinal\source\practica11\21-playanimationthelast\src\headers\abstractmodel.h(14): fatal error C1083: No se puede abrir el archivo incluir: 'GL/glew.h': No such file or directory
  FirstPersonCamera.cpp
d:\cgeihc-proyectofinal\source\practica11\21-playanimationthelast\src\headers\camera.h(9): fatal error C1083: No se puede abrir el archivo incluir: 'glm/glm.hpp': No such file or directory
  main.cpp
d:\cgeihc-proyectofinal\source\practica11\21-playanimationthelast\src\main.cpp(2): fatal error C1083: No se puede abrir el archivo incluir: 'GL/glew.h': No such file or directory
  Mesh.cpp
d:\cgeihc-proyectofinal\source\practica11\21-playanimationthelast\src\headers\mesh.h(18): fatal error C1083: No se puede abrir el archivo incluir: 'GL/glew.h': No such file or directory
  Model.cpp
d:\cgeihc-proyectofinal\source\practica11\21-playanimationthelast\src\headers\mesh.h(18): fatal error C1083: No se puede abrir el archivo incluir: 'GL/glew.h': No such file or directory
  QueueTransformation.cpp
d:\cgeihc-proyectofinal\source\practica11\21-playanimationthelast\src\headers\queuetransformation.h(8): fatal error C1083: No se puede abrir el archivo incluir: 'GL/glew.h': No such file or directory
  Shader.cpp
d:\cgeihc-proyectofinal\source\practica11\21-playanimationthelast\src\headers\shader.h(6): fatal error C1083: No se puede abrir el archivo incluir: 'GL/glew.h': No such file or directory
  Sphere.cpp
d:\cgeihc-proyectofinal\source\practica11\21-playanimationthelast\src\headers\abstractmodel.h(14): fatal error C1083: No se puede abrir el archivo incluir: 'GL/glew.h': No such file or directory
  Texture.cpp
d:\cgeihc-proyectofinal\source\practica11\21-playanimationthelast\src\headers\texture.h(10): fatal error C1083: No se puede abrir el archivo incluir: 'GL/glew.h': No such file or directory
  TimeManager.cpp
  Generando código...
